----- testing input/abe.jpg + key1 -----
----- testing input/abe.jpg + key2 -----
----- testing input/abe.jpg + key3 -----
----- testing input/abe.jpg + key4 -----
----- testing input/abe.jpg + key5 -----
----- testing input/abe.jpg + key6 -----
----- testing input/abe.jpg + key7 -----
----- testing input/gettysburg.txt + key1 -----
----- testing input/gettysburg.txt + key2 -----
----- testing input/gettysburg.txt + key3 -----
----- testing input/gettysburg.txt + key4 -----
----- testing input/gettysburg.txt + key5 -----
----- testing input/gettysburg.txt + key6 -----
----- testing input/gettysburg.txt + key7 -----
----- testing input/hello.txt + key1 -----
----- testing input/hello.txt + key2 -----
----- testing input/hello.txt + key3 -----
----- testing input/hello.txt + key4 -----
----- testing input/hello.txt + key5 -----
----- testing input/hello.txt + key6 -----
----- testing input/hello.txt + key7 -----
----- testing input/hexadecimal + key1 -----
----- testing input/hexadecimal + key2 -----
----- testing input/hexadecimal + key3 -----
----- testing input/hexadecimal + key4 -----
----- testing input/hexadecimal + key5 -----
----- testing input/hexadecimal + key6 -----
----- testing input/hexadecimal + key7 -----
----- testing input/moby_dick.txt + key1 -----
----- testing input/moby_dick.txt + key2 -----
----- testing input/moby_dick.txt + key3 -----
----- testing input/moby_dick.txt + key4 -----
----- testing input/moby_dick.txt + key5 -----
----- testing input/moby_dick.txt + key6 -----
----- testing input/moby_dick.txt + key7 -----
----- testing input/zero_length + key1 -----
----- testing input/zero_length + key2 -----
----- testing input/zero_length + key3 -----
----- testing input/zero_length + key4 -----
----- testing input/zero_length + key5 -----
----- testing input/zero_length + key6 -----
----- testing input/zero_length + key7 -----
